<?xml version="1.0" encoding="UTF-8"?>
<testng-results ignored="0" total="1" passed="1" failed="0" skipped="0">
  <reporter-output>
  </reporter-output>
  <suite started-at="2024-03-29T16:48:35 IST" name="Surefire suite" finished-at="2024-03-29T16:48:35 IST" duration-ms="33">
    <groups>
    </groups>
    <test started-at="2024-03-29T16:48:35 IST" name="Surefire test" finished-at="2024-03-29T16:48:35 IST" duration-ms="33">
      <class name="SeleniumAssignment.SimpleJavaApplication.AppTest">
        <test-method signature="sampleTest()[pri:0, instance:SeleniumAssignment.SimpleJavaApplication.AppTest@691a7f8f]" started-at="2024-03-29T16:48:35 IST" name="sampleTest" finished-at="2024-03-29T16:48:35 IST" duration-ms="0" status="PASS">
          <reporter-output>
          </reporter-output>
        </test-method> <!-- sampleTest -->
      </class> <!-- SeleniumAssignment.SimpleJavaApplication.AppTest -->
    </test> <!-- Surefire test -->
  </suite> <!-- Surefire suite -->
</testng-results>
